elapsed_time:103.20100092887878[sec]
loop start
..吾輩は猫である
['名詞', '固有名詞', '一般', '*', '*', '*', '吾輩は猫である', 'ワガハイハネコデアル', 'ワガハイワネコデアル']
夏目漱石
['BOS/EOS', '*', '*', '*', '*', '*', '*', '*', '*']
 
吾輩は猫である
['名詞', '固有名詞', '一般', '*', '*', '*', '吾輩は猫である', 'ワガハイハネコデアル', 'ワガハイワネコデアル']
漱石
['BOS/EOS', '*', '*', '*', '*', '*', '*', '*', '*']
 
吾輩は猫である
['名詞', '固有名詞', '一般', '*', '*', '*', '吾輩は猫である', 'ワガハイハネコデアル', 'ワガハイワネコデアル']
ヰタ・セクスアリス
['BOS/EOS', '*', '*', '*', '*', '*', '*', '*', '*']
 
吾輩は猫である
['名詞', '固有名詞', '一般', '*', '*', '*', '吾輩は猫である', 'ワガハイハネコデアル', 'ワガハイワネコデアル']
巌谷小波
['BOS/EOS', '*', '*', '*', '*', '*', '*', '*', '*']
 
吾輩は猫である
['名詞', '固有名詞', '一般', '*', '*', '*', '吾輩は猫である', 'ワガハイハネコデアル', 'ワガハイワネコデアル']
内田魯庵
['BOS/EOS', '*', '*', '*', '*', '*', '*', '*', '*']
 
吾輩は猫である
['名詞', '固有名詞', '一般', '*', '*', '*', '吾輩は猫である', 'ワガハイハネコデアル', 'ワガハイワネコデアル']
写生文
['BOS/EOS', '*', '*', '*', '*', '*', '*', '*', '*']
 
吾輩は猫である
['名詞', '固有名詞', '一般', '*', '*', '*', '吾輩は猫である', 'ワガハイハネコデアル', 'ワガハイワネコデアル']
村井弦斎
['BOS/EOS', '*', '*', '*', '*', '*', '*', '*', '*']
 
吾輩は猫である
['名詞', '固有名詞', '一般', '*', '*', '*', '吾輩は猫である', 'ワガハイハネコデアル', 'ワガハイワネコデアル']
森田思軒
['BOS/EOS', '*', '*', '*', '*', '*', '*', '*', '*']
 
吾輩は猫である
['名詞', '固有名詞', '一般', '*', '*', '*', '吾輩は猫である', 'ワガハイハネコデアル', 'ワガハイワネコデアル']
吾輩
['BOS/EOS', '*', '*', '*', '*', '*', '*', '*', '*']
 
吾輩は猫である
['名詞', '固有名詞', '一般', '*', '*', '*', '吾輩は猫である', 'ワガハイハネコデアル', 'ワガハイワネコデアル']
斎藤緑雨
['BOS/EOS', '*', '*', '*', '*', '*', '*', '*', '*']
 
..名前
['名詞', '一般', '*', '*', '*', '*', '名前', 'ナマエ', 'ナマエ']
名
['BOS/EOS', '*', '*', '*', '*', '*', '*', '*', '*']
 
名前
['名詞', '一般', '*', '*', '*', '*', '名前', 'ナマエ', 'ナマエ']
名称
['BOS/EOS', '*', '*', '*', '*', '*', '*', '*', '*']
 
名前
['名詞', '一般', '*', '*', '*', '*', '名前', 'ナマエ', 'ナマエ']
由来
['BOS/EOS', '*', '*', '*', '*', '*', '*', '*', '*']
 
名前
['名詞', '一般', '*', '*', '*', '*', '名前', 'ナマエ', 'ナマエ']
名付け
['BOS/EOS', '*', '*', '*', '*', '*', '*', '*', '*']
 
名前
['名詞', '一般', '*', '*', '*', '*', '名前', 'ナマエ', 'ナマエ']
ちなん
['BOS/EOS', '*', '*', '*', '*', '*', '*', '*', '*']
 
名前
['名詞', '一般', '*', '*', '*', '*', '名前', 'ナマエ', 'ナマエ']
冠し
['BOS/EOS', '*', '*', '*', '*', '*', '*', '*', '*']
 
名前
['名詞', '一般', '*', '*', '*', '*', '名前', 'ナマエ', 'ナマエ']
ファミリーネーム
['BOS/EOS', '*', '*', '*', '*', '*', '*', '*', '*']
 
名前
['名詞', '一般', '*', '*', '*', '*', '名前', 'ナマエ', 'ナマエ']
命名
['BOS/EOS', '*', '*', '*', '*', '*', '*', '*', '*']
 
名前
['名詞', '一般', '*', '*', '*', '*', '名前', 'ナマエ', 'ナマエ']
苗字
['BOS/EOS', '*', '*', '*', '*', '*', '*', '*', '*']
 
名前
['名詞', '一般', '*', '*', '*', '*', '名前', 'ナマエ', 'ナマエ']
因ん
['BOS/EOS', '*', '*', '*', '*', '*', '*', '*', '*']
 
...無い
['形容詞', '自立', '*', '*', '形容詞・アウオ段', '基本形', '無い', 'ナイ', 'ナイ']
無く
['BOS/EOS', '*', '*', '*', '*', '*', '*', '*', '*']
 
無い
['形容詞', '自立', '*', '*', '形容詞・アウオ段', '基本形', '無い', 'ナイ', 'ナイ']
無かっ
['BOS/EOS', '*', '*', '*', '*', '*', '*', '*', '*']
 
無い
['形容詞', '自立', '*', '*', '形容詞・アウオ段', '基本形', '無い', 'ナイ', 'ナイ']
ない
['BOS/EOS', '*', '*', '*', '*', '*', '*', '*', '*']
 
無い
['形容詞', '自立', '*', '*', '形容詞・アウオ段', '基本形', '無い', 'ナイ', 'ナイ']
全く
['BOS/EOS', '*', '*', '*', '*', '*', '*', '*', '*']
 
無い
['形容詞', '自立', '*', '*', '形容詞・アウオ段', '基本形', '無い', 'ナイ', 'ナイ']
無くなっ
['BOS/EOS', '*', '*', '*', '*', '*', '*', '*', '*']
 
無い
['形容詞', '自立', '*', '*', '形容詞・アウオ段', '基本形', '無い', 'ナイ', 'ナイ']
皆無
['BOS/EOS', '*', '*', '*', '*', '*', '*', '*', '*']
 
無い
['形容詞', '自立', '*', '*', '形容詞・アウオ段', '基本形', '無い', 'ナイ', 'ナイ']
なく
['BOS/EOS', '*', '*', '*', '*', '*', '*', '*', '*']
 
無い
['形容詞', '自立', '*', '*', '形容詞・アウオ段', '基本形', '無い', 'ナイ', 'ナイ']
無し
['BOS/EOS', '*', '*', '*', '*', '*', '*', '*', '*']
 
無い
['形容詞', '自立', '*', '*', '形容詞・アウオ段', '基本形', '無い', 'ナイ', 'ナイ']
なくなっ
['BOS/EOS', '*', '*', '*', '*', '*', '*', '*', '*']
 
無い
['形容詞', '自立', '*', '*', '形容詞・アウオ段', '基本形', '無い', 'ナイ', 'ナイ']
有る
['BOS/EOS', '*', '*', '*', '*', '*', '*', '*', '*']
 
....生れ
['動詞', '自立', '*', '*', '一段', '連用形', '生れる', 'ウマレ', 'ウマレ']
生まれ
['BOS/EOS', '*', '*', '*', '*', '*', '*', '*', '*']
 
生れ
['動詞', '自立', '*', '*', '一段', '連用形', '生れる', 'ウマレ', 'ウマレ']
生まれる
['BOS/EOS', '*', '*', '*', '*', '*', '*', '*', '*']
 
生れ
['動詞', '自立', '*', '*', '一段', '連用形', '生れる', 'ウマレ', 'ウマレ']
生れる
['BOS/EOS', '*', '*', '*', '*', '*', '*', '*', '*']
 
生れ
['動詞', '自立', '*', '*', '一段', '連用形', '生れる', 'ウマレ', 'ウマレ']
生まれる。
['BOS/EOS', '*', '*', '*', '*', '*', '*', '*', '*']
 
生れ
['動詞', '自立', '*', '*', '一段', '連用形', '生れる', 'ウマレ', 'ウマレ']
育っ
['BOS/EOS', '*', '*', '*', '*', '*', '*', '*', '*']
 
生れ
['動詞', '自立', '*', '*', '一段', '連用形', '生れる', 'ウマレ', 'ウマレ']
育ち
['BOS/EOS', '*', '*', '*', '*', '*', '*', '*', '*']
 
生れ
['動詞', '自立', '*', '*', '一段', '連用形', '生れる', 'ウマレ', 'ウマレ']
育つ
['BOS/EOS', '*', '*', '*', '*', '*', '*', '*', '*']
 
生れ
['動詞', '自立', '*', '*', '一段', '連用形', '生れる', 'ウマレ', 'ウマレ']
産まれ
['BOS/EOS', '*', '*', '*', '*', '*', '*', '*', '*']
 
生れ
['動詞', '自立', '*', '*', '一段', '連用形', '生れる', 'ウマレ', 'ウマレ']
幼く
['BOS/EOS', '*', '*', '*', '*', '*', '*', '*', '*']
 
生れ
['動詞', '自立', '*', '*', '一段', '連用形', '生れる', 'ウマレ', 'ウマレ']
産まれる
['BOS/EOS', '*', '*', '*', '*', '*', '*', '*', '*']
 
..1
....つか
['動詞', '自立', '*', '*', '五段・カ行イ音便', '未然形', 'つく', 'ツカ', 'ツカ']
付か
['BOS/EOS', '*', '*', '*', '*', '*', '*', '*', '*']
 
つか
['動詞', '自立', '*', '*', '五段・カ行イ音便', '未然形', 'つく', 'ツカ', 'ツカ']
つく
['BOS/EOS', '*', '*', '*', '*', '*', '*', '*', '*']
 
つか
['動詞', '自立', '*', '*', '五段・カ行イ音便', '未然形', 'つく', 'ツカ', 'ツカ']
つき
['BOS/EOS', '*', '*', '*', '*', '*', '*', '*', '*']
 
つか
['動詞', '自立', '*', '*', '五段・カ行イ音便', '未然形', 'つく', 'ツカ', 'ツカ']
付く
['BOS/EOS', '*', '*', '*', '*', '*', '*', '*', '*']
 
つか
['動詞', '自立', '*', '*', '五段・カ行イ音便', '未然形', 'つく', 'ツカ', 'ツカ']
つい
['BOS/EOS', '*', '*', '*', '*', '*', '*', '*', '*']
 
つか
['動詞', '自立', '*', '*', '五段・カ行イ音便', '未然形', 'つく', 'ツカ', 'ツカ']
決着
['BOS/EOS', '*', '*', '*', '*', '*', '*', '*', '*']
 
つか
['動詞', '自立', '*', '*', '五段・カ行イ音便', '未然形', 'つく', 'ツカ', 'ツカ']
着か
['BOS/EOS', '*', '*', '*', '*', '*', '*', '*', '*']
 
つか
['動詞', '自立', '*', '*', '五段・カ行イ音便', '未然形', 'つく', 'ツカ', 'ツカ']
つけよ
['BOS/EOS', '*', '*', '*', '*', '*', '*', '*', '*']
 
つか
['動詞', '自立', '*', '*', '五段・カ行イ音便', '未然形', 'つく', 'ツカ', 'ツカ']
つける
['BOS/EOS', '*', '*', '*', '*', '*', '*', '*', '*']
 
つか
['動詞', '自立', '*', '*', '五段・カ行イ音便', '未然形', 'つく', 'ツカ', 'ツカ']
おお
['BOS/EOS', '*', '*', '*', '*', '*', '*', '*', '*']
 
.....薄暗い
['形容詞', '自立', '*', '*', '形容詞・アウオ段', '基本形', '薄暗い', 'ウスグライ', 'ウスグライ']
薄暗く
['BOS/EOS', '*', '*', '*', '*', '*', '*', '*', '*']
 
薄暗い
['形容詞', '自立', '*', '*', '形容詞・アウオ段', '基本形', '薄暗い', 'ウスグライ', 'ウスグライ']
暗い
['BOS/EOS', '*', '*', '*', '*', '*', '*', '*', '*']
 
薄暗い
['形容詞', '自立', '*', '*', '形容詞・アウオ段', '基本形', '薄暗い', 'ウスグライ', 'ウスグライ']
真っ暗
['BOS/EOS', '*', '*', '*', '*', '*', '*', '*', '*']
 
薄暗い
['形容詞', '自立', '*', '*', '形容詞・アウオ段', '基本形', '薄暗い', 'ウスグライ', 'ウスグライ']
暗く
['BOS/EOS', '*', '*', '*', '*', '*', '*', '*', '*']
 
薄暗い
['形容詞', '自立', '*', '*', '形容詞・アウオ段', '基本形', '薄暗い', 'ウスグライ', 'ウスグライ']
明かり
['BOS/EOS', '*', '*', '*', '*', '*', '*', '*', '*']
 
薄暗い
['形容詞', '自立', '*', '*', '形容詞・アウオ段', '基本形', '薄暗い', 'ウスグライ', 'ウスグライ']
暗がり
['BOS/EOS', '*', '*', '*', '*', '*', '*', '*', '*']
 
薄暗い
['形容詞', '自立', '*', '*', '形容詞・アウオ段', '基本形', '薄暗い', 'ウスグライ', 'ウスグライ']
日なた
['BOS/EOS', '*', '*', '*', '*', '*', '*', '*', '*']
 
薄暗い
['形容詞', '自立', '*', '*', '形容詞・アウオ段', '基本形', '薄暗い', 'ウスグライ', 'ウスグライ']
ぼんやり
['BOS/EOS', '*', '*', '*', '*', '*', '*', '*', '*']
 
薄暗い
['形容詞', '自立', '*', '*', '形容詞・アウオ段', '基本形', '薄暗い', 'ウスグライ', 'ウスグライ']
木陰
['BOS/EOS', '*', '*', '*', '*', '*', '*', '*', '*']
 
薄暗い
['形容詞', '自立', '*', '*', '形容詞・アウオ段', '基本形', '薄暗い', 'ウスグライ', 'ウスグライ']
夜行性
['BOS/EOS', '*', '*', '*', '*', '*', '*', '*', '*']
 
.じめじめ
['副詞', '一般', '*', '*', '*', '*', 'じめじめ', 'ジメジメ', 'ジメジメ']
ノーイースター
['BOS/EOS', '*', '*', '*', '*', '*', '*', '*', '*']
 
じめじめ
['副詞', '一般', '*', '*', '*', '*', 'じめじめ', 'ジメジメ', 'ジメジメ']
冷涼
['BOS/EOS', '*', '*', '*', '*', '*', '*', '*', '*']
 
じめじめ
['副詞', '一般', '*', '*', '*', '*', 'じめじめ', 'ジメジメ', 'ジメジメ']
暑く
['BOS/EOS', '*', '*', '*', '*', '*', '*', '*', '*']
 
じめじめ
['副詞', '一般', '*', '*', '*', '*', 'じめじめ', 'ジメジメ', 'ジメジメ']
涼しく
['BOS/EOS', '*', '*', '*', '*', '*', '*', '*', '*']
 
じめじめ
['副詞', '一般', '*', '*', '*', '*', 'じめじめ', 'ジメジメ', 'ジメジメ']
暖かい
['BOS/EOS', '*', '*', '*', '*', '*', '*', '*', '*']
 
じめじめ
['副詞', '一般', '*', '*', '*', '*', 'じめじめ', 'ジメジメ', 'ジメジメ']
寒く
['BOS/EOS', '*', '*', '*', '*', '*', '*', '*', '*']
 
じめじめ
['副詞', '一般', '*', '*', '*', '*', 'じめじめ', 'ジメジメ', 'ジメジメ']
オホーツク海高気圧
['BOS/EOS', '*', '*', '*', '*', '*', '*', '*', '*']
 
じめじめ
['副詞', '一般', '*', '*', '*', '*', 'じめじめ', 'ジメジメ', 'ジメジメ']
湿っ
['BOS/EOS', '*', '*', '*', '*', '*', '*', '*', '*']
 
じめじめ
['副詞', '一般', '*', '*', '*', '*', 'じめじめ', 'ジメジメ', 'ジメジメ']
蒸し暑く
['BOS/EOS', '*', '*', '*', '*', '*', '*', '*', '*']
 
じめじめ
['副詞', '一般', '*', '*', '*', '*', 'じめじめ', 'ジメジメ', 'ジメジメ']
日較差
['BOS/EOS', '*', '*', '*', '*', '*', '*', '*', '*']
 
.した
['名詞', '一般', '*', '*', '*', '*', 'した', 'シタ', 'シタ']
しない
['BOS/EOS', '*', '*', '*', '*', '*', '*', '*', '*']
 
した
['名詞', '一般', '*', '*', '*', '*', 'した', 'シタ', 'シタ']
し
['BOS/EOS', '*', '*', '*', '*', '*', '*', '*', '*']
 
した
['名詞', '一般', '*', '*', '*', '*', 'した', 'シタ', 'シタ']
者
['BOS/EOS', '*', '*', '*', '*', '*', '*', '*', '*']
 
した
['名詞', '一般', '*', '*', '*', '*', 'した', 'シタ', 'シタ']
した前
['BOS/EOS', '*', '*', '*', '*', '*', '*', '*', '*']
 
した
['名詞', '一般', '*', '*', '*', '*', 'した', 'シタ', 'シタ']
しながら
['BOS/EOS', '*', '*', '*', '*', '*', '*', '*', '*']
 
した
['名詞', '一般', '*', '*', '*', '*', 'した', 'シタ', 'シタ']
すれ
['BOS/EOS', '*', '*', '*', '*', '*', '*', '*', '*']
 
した
['名詞', '一般', '*', '*', '*', '*', 'した', 'シタ', 'シタ']
後
['BOS/EOS', '*', '*', '*', '*', '*', '*', '*', '*']
 
した
['名詞', '一般', '*', '*', '*', '*', 'した', 'シタ', 'シタ']
した長
['BOS/EOS', '*', '*', '*', '*', '*', '*', '*', '*']
 
した
['名詞', '一般', '*', '*', '*', '*', 'した', 'シタ', 'シタ']
した手
['BOS/EOS', '*', '*', '*', '*', '*', '*', '*', '*']
 
した
['名詞', '一般', '*', '*', '*', '*', 'した', 'シタ', 'シタ']
治天下大王
['BOS/EOS', '*', '*', '*', '*', '*', '*', '*', '*']
 
...2
.泣い
['動詞', '自立', '*', '*', '五段・カ行イ音便', '連用タ接続', '泣く', 'ナイ', 'ナイ']
泣き
['BOS/EOS', '*', '*', '*', '*', '*', '*', '*', '*']
 
泣い
['動詞', '自立', '*', '*', '五段・カ行イ音便', '連用タ接続', '泣く', 'ナイ', 'ナイ']
泣く
['BOS/EOS', '*', '*', '*', '*', '*', '*', '*', '*']
 
泣い
['動詞', '自立', '*', '*', '五段・カ行イ音便', '連用タ接続', '泣く', 'ナイ', 'ナイ']
泣き叫び
['BOS/EOS', '*', '*', '*', '*', '*', '*', '*', '*']
 
泣い
['動詞', '自立', '*', '*', '五段・カ行イ音便', '連用タ接続', '泣く', 'ナイ', 'ナイ']
号泣
['BOS/EOS', '*', '*', '*', '*', '*', '*', '*', '*']
 
泣い
['動詞', '自立', '*', '*', '五段・カ行イ音便', '連用タ接続', '泣く', 'ナイ', 'ナイ']
涙
['BOS/EOS', '*', '*', '*', '*', '*', '*', '*', '*']
 
泣い
['動詞', '自立', '*', '*', '五段・カ行イ音便', '連用タ接続', '泣く', 'ナイ', 'ナイ']
泣き叫ん
['BOS/EOS', '*', '*', '*', '*', '*', '*', '*', '*']
 
泣い
['動詞', '自立', '*', '*', '五段・カ行イ音便', '連用タ接続', '泣く', 'ナイ', 'ナイ']
笑っ
['BOS/EOS', '*', '*', '*', '*', '*', '*', '*', '*']
 
泣い
['動詞', '自立', '*', '*', '五段・カ行イ音便', '連用タ接続', '泣く', 'ナイ', 'ナイ']
泣き伏し
['BOS/EOS', '*', '*', '*', '*', '*', '*', '*', '*']
 
泣い
['動詞', '自立', '*', '*', '五段・カ行イ音便', '連用タ接続', '泣く', 'ナイ', 'ナイ']
涙ぐん
['BOS/EOS', '*', '*', '*', '*', '*', '*', '*', '*']
 
泣い
['動詞', '自立', '*', '*', '五段・カ行イ音便', '連用タ接続', '泣く', 'ナイ', 'ナイ']
泣き崩れ
['BOS/EOS', '*', '*', '*', '*', '*', '*', '*', '*']
 
..いた事
['名詞', '一般', '*', '*', '*', '*', 'いた事', 'イタコト', 'イタコト']
いたこと
['BOS/EOS', '*', '*', '*', '*', '*', '*', '*', '*']
 
いた事
['名詞', '一般', '*', '*', '*', '*', 'いた事', 'イタコト', 'イタコト']
い
['BOS/EOS', '*', '*', '*', '*', '*', '*', '*', '*']
 
いた事
['名詞', '一般', '*', '*', '*', '*', 'いた事', 'イタコト', 'イタコト']
発覚
['BOS/EOS', '*', '*', '*', '*', '*', '*', '*', '*']
 
いた事
['名詞', '一般', '*', '*', '*', '*', 'いた事', 'イタコト', 'イタコト']
た事
['BOS/EOS', '*', '*', '*', '*', '*', '*', '*', '*']
 
いた事
['名詞', '一般', '*', '*', '*', '*', 'いた事', 'イタコト', 'イタコト']
事実
['BOS/EOS', '*', '*', '*', '*', '*', '*', '*', '*']
 
いた事
['名詞', '一般', '*', '*', '*', '*', 'いた事', 'イタコト', 'イタコト']
少なからず
['BOS/EOS', '*', '*', '*', '*', '*', '*', '*', '*']
 
いた事
['名詞', '一般', '*', '*', '*', '*', 'いた事', 'イタコト', 'イタコト']
て
['BOS/EOS', '*', '*', '*', '*', '*', '*', '*', '*']
 
いた事
['名詞', '一般', '*', '*', '*', '*', 'いた事', 'イタコト', 'イタコト']
一時期
['BOS/EOS', '*', '*', '*', '*', '*', '*', '*', '*']
 
いた事
['名詞', '一般', '*', '*', '*', '*', 'いた事', 'イタコト', 'イタコト']
おり
['BOS/EOS', '*', '*', '*', '*', '*', '*', '*', '*']
 
いた事
['名詞', '一般', '*', '*', '*', '*', 'いた事', 'イタコト', 'イタコト']
伺える
['BOS/EOS', '*', '*', '*', '*', '*', '*', '*', '*']
 
....し
['動詞', '自立', '*', '*', 'サ変・スル', '連用形', 'する', 'シ', 'シ']
する
['BOS/EOS', '*', '*', '*', '*', '*', '*', '*', '*']
 
し
['動詞', '自立', '*', '*', 'サ変・スル', '連用形', 'する', 'シ', 'シ']
た
['BOS/EOS', '*', '*', '*', '*', '*', '*', '*', '*']
 
し
['動詞', '自立', '*', '*', 'サ変・スル', '連用形', 'する', 'シ', 'シ']
て
['BOS/EOS', '*', '*', '*', '*', '*', '*', '*', '*']
 
し
['動詞', '自立', '*', '*', 'サ変・スル', '連用形', 'する', 'シ', 'シ']
、
['BOS/EOS', '*', '*', '*', '*', '*', '*', '*', '*']
 
し
['動詞', '自立', '*', '*', 'サ変・スル', '連用形', 'する', 'シ', 'シ']
に
['BOS/EOS', '*', '*', '*', '*', '*', '*', '*', '*']
 
し
['動詞', '自立', '*', '*', 'サ変・スル', '連用形', 'する', 'シ', 'シ']
。
['BOS/EOS', '*', '*', '*', '*', '*', '*', '*', '*']
 
し
['動詞', '自立', '*', '*', 'サ変・スル', '連用形', 'する', 'シ', 'シ']
が
['BOS/EOS', '*', '*', '*', '*', '*', '*', '*', '*']
 
し
['動詞', '自立', '*', '*', 'サ変・スル', '連用形', 'する', 'シ', 'シ']
せ
['BOS/EOS', '*', '*', '*', '*', '*', '*', '*', '*']
 
し
['動詞', '自立', '*', '*', 'サ変・スル', '連用形', 'する', 'シ', 'シ']
を
['BOS/EOS', '*', '*', '*', '*', '*', '*', '*', '*']
 
し
['動詞', '自立', '*', '*', 'サ変・スル', '連用形', 'する', 'シ', 'シ']
と
['BOS/EOS', '*', '*', '*', '*', '*', '*', '*', '*']
 
........始め
['動詞', '自立', '*', '*', '一段', '連用形', '始める', 'ハジメ', 'ハジメ']
始める
['BOS/EOS', '*', '*', '*', '*', '*', '*', '*', '*']
 
始め
['動詞', '自立', '*', '*', '一段', '連用形', '始める', 'ハジメ', 'ハジメ']
はじめる
['BOS/EOS', '*', '*', '*', '*', '*', '*', '*', '*']
 
始め
['動詞', '自立', '*', '*', '一段', '連用形', '始める', 'ハジメ', 'ハジメ']
本格的
['BOS/EOS', '*', '*', '*', '*', '*', '*', '*', '*']
 
始め
['動詞', '自立', '*', '*', '一段', '連用形', '始める', 'ハジメ', 'ハジメ']
はじめ
['BOS/EOS', '*', '*', '*', '*', '*', '*', '*', '*']
 
始め
['動詞', '自立', '*', '*', '一段', '連用形', '始める', 'ハジメ', 'ハジメ']
始まっ
['BOS/EOS', '*', '*', '*', '*', '*', '*', '*', '*']
 
始め
['動詞', '自立', '*', '*', '一段', '連用形', '始める', 'ハジメ', 'ハジメ']
頃
['BOS/EOS', '*', '*', '*', '*', '*', '*', '*', '*']
 
始め
['動詞', '自立', '*', '*', '一段', '連用形', '始める', 'ハジメ', 'ハジメ']
続け
['BOS/EOS', '*', '*', '*', '*', '*', '*', '*', '*']
 
始め
['動詞', '自立', '*', '*', '一段', '連用形', '始める', 'ハジメ', 'ハジメ']
始まり
['BOS/EOS', '*', '*', '*', '*', '*', '*', '*', '*']
 
始め
['動詞', '自立', '*', '*', '一段', '連用形', '始める', 'ハジメ', 'ハジメ']
ころ
['BOS/EOS', '*', '*', '*', '*', '*', '*', '*', '*']
 
始め
['動詞', '自立', '*', '*', '一段', '連用形', '始める', 'ハジメ', 'ハジメ']
開始
['BOS/EOS', '*', '*', '*', '*', '*', '*', '*', '*']
 
..人間
['名詞', '一般', '*', '*', '*', '*', '人間', 'ニンゲン', 'ニンゲン']
人間社会
['BOS/EOS', '*', '*', '*', '*', '*', '*', '*', '*']
 
人間
['名詞', '一般', '*', '*', '*', '*', '人間', 'ニンゲン', 'ニンゲン']
生き物
['BOS/EOS', '*', '*', '*', '*', '*', '*', '*', '*']
 
人間
['名詞', '一般', '*', '*', '*', '*', '人間', 'ニンゲン', 'ニンゲン']
人類
['BOS/EOS', '*', '*', '*', '*', '*', '*', '*', '*']
 
人間
['名詞', '一般', '*', '*', '*', '*', '人間', 'ニンゲン', 'ニンゲン']
ヒト
['BOS/EOS', '*', '*', '*', '*', '*', '*', '*', '*']
 
人間
['名詞', '一般', '*', '*', '*', '*', '人間', 'ニンゲン', 'ニンゲン']
動物
['BOS/EOS', '*', '*', '*', '*', '*', '*', '*', '*']
 
人間
['名詞', '一般', '*', '*', '*', '*', '人間', 'ニンゲン', 'ニンゲン']
理性
['BOS/EOS', '*', '*', '*', '*', '*', '*', '*', '*']
 
人間
['名詞', '一般', '*', '*', '*', '*', '人間', 'ニンゲン', 'ニンゲン']
知性
['BOS/EOS', '*', '*', '*', '*', '*', '*', '*', '*']
 
人間
['名詞', '一般', '*', '*', '*', '*', '人間', 'ニンゲン', 'ニンゲン']
生物
['BOS/EOS', '*', '*', '*', '*', '*', '*', '*', '*']
 
人間
['名詞', '一般', '*', '*', '*', '*', '人間', 'ニンゲン', 'ニンゲン']
他者
['BOS/EOS', '*', '*', '*', '*', '*', '*', '*', '*']
 
人間
['名詞', '一般', '*', '*', '*', '*', '人間', 'ニンゲン', 'ニンゲン']
理性的
['BOS/EOS', '*', '*', '*', '*', '*', '*', '*', '*']
 
....見
['動詞', '自立', '*', '*', '一段', '連用形', '見る', 'ミ', 'ミ']
み
['BOS/EOS', '*', '*', '*', '*', '*', '*', '*', '*']
 
見
['動詞', '自立', '*', '*', '一段', '連用形', '見る', 'ミ', 'ミ']
見受け
['BOS/EOS', '*', '*', '*', '*', '*', '*', '*', '*']
 
見
['動詞', '自立', '*', '*', '一段', '連用形', '見る', 'ミ', 'ミ']
見る
['BOS/EOS', '*', '*', '*', '*', '*', '*', '*', '*']
 
見
['動詞', '自立', '*', '*', '一段', '連用形', '見る', 'ミ', 'ミ']
られる
['BOS/EOS', '*', '*', '*', '*', '*', '*', '*', '*']
 
見
['動詞', '自立', '*', '*', '一段', '連用形', '見る', 'ミ', 'ミ']
考え
['BOS/EOS', '*', '*', '*', '*', '*', '*', '*', '*']
 
見
['動詞', '自立', '*', '*', '一段', '連用形', '見る', 'ミ', 'ミ']
現れ
['BOS/EOS', '*', '*', '*', '*', '*', '*', '*', '*']
 
見
['動詞', '自立', '*', '*', '一段', '連用形', '見る', 'ミ', 'ミ']
られ
['BOS/EOS', '*', '*', '*', '*', '*', '*', '*', '*']
 
見
['動詞', '自立', '*', '*', '一段', '連用形', '見る', 'ミ', 'ミ']
光景
['BOS/EOS', '*', '*', '*', '*', '*', '*', '*', '*']
 
見
['動詞', '自立', '*', '*', '一段', '連用形', '見る', 'ミ', 'ミ']
見える
['BOS/EOS', '*', '*', '*', '*', '*', '*', '*', '*']
 
見
['動詞', '自立', '*', '*', '一段', '連用形', '見る', 'ミ', 'ミ']
眺め
['BOS/EOS', '*', '*', '*', '*', '*', '*', '*', '*']
 
....あと
['名詞', '一般', '*', '*', '*', '*', 'あと', 'アト', 'アト']
後
['BOS/EOS', '*', '*', '*', '*', '*', '*', '*', '*']
 
あと
['名詞', '一般', '*', '*', '*', '*', 'あと', 'アト', 'アト']
たら
['BOS/EOS', '*', '*', '*', '*', '*', '*', '*', '*']
 
あと
['名詞', '一般', '*', '*', '*', '*', 'あと', 'アト', 'アト']
それから
['BOS/EOS', '*', '*', '*', '*', '*', '*', '*', '*']
 
あと
['名詞', '一般', '*', '*', '*', '*', 'あと', 'アト', 'アト']
終わる
['BOS/EOS', '*', '*', '*', '*', '*', '*', '*', '*']
 
あと
['名詞', '一般', '*', '*', '*', '*', 'あと', 'アト', 'アト']
のち
['BOS/EOS', '*', '*', '*', '*', '*', '*', '*', '*']
 
あと
['名詞', '一般', '*', '*', '*', '*', 'あと', 'アト', 'アト']
いったん
['BOS/EOS', '*', '*', '*', '*', '*', '*', '*', '*']
 
あと
['名詞', '一般', '*', '*', '*', '*', 'あと', 'アト', 'アト']
最後
['BOS/EOS', '*', '*', '*', '*', '*', '*', '*', '*']
 
あと
['名詞', '一般', '*', '*', '*', '*', 'あと', 'アト', 'アト']
しばらく
['BOS/EOS', '*', '*', '*', '*', '*', '*', '*', '*']
 
あと
['名詞', '一般', '*', '*', '*', '*', 'あと', 'アト', 'アト']
すぐ
['BOS/EOS', '*', '*', '*', '*', '*', '*', '*', '*']
 
あと
['名詞', '一般', '*', '*', '*', '*', 'あと', 'アト', 'アト']
終える
['BOS/EOS', '*', '*', '*', '*', '*', '*', '*', '*']
 
..聞く
['動詞', '自立', '*', '*', '五段・カ行イ音便', '基本形', '聞く', 'キク', 'キク']
聞い
['BOS/EOS', '*', '*', '*', '*', '*', '*', '*', '*']
 
聞く
['動詞', '自立', '*', '*', '五段・カ行イ音便', '基本形', '聞く', 'キク', 'キク']
聞き
['BOS/EOS', '*', '*', '*', '*', '*', '*', '*', '*']
 
聞く
['動詞', '自立', '*', '*', '五段・カ行イ音便', '基本形', '聞く', 'キク', 'キク']
聴く
['BOS/EOS', '*', '*', '*', '*', '*', '*', '*', '*']
 
聞く
['動詞', '自立', '*', '*', '五段・カ行イ音便', '基本形', '聞く', 'キク', 'キク']
聞か
['BOS/EOS', '*', '*', '*', '*', '*', '*', '*', '*']
 
聞く
['動詞', '自立', '*', '*', '五段・カ行イ音便', '基本形', '聞く', 'キク', 'キク']
尋ねる
['BOS/EOS', '*', '*', '*', '*', '*', '*', '*', '*']
 
聞く
['動詞', '自立', '*', '*', '五段・カ行イ音便', '基本形', '聞く', 'キク', 'キク']
聞け
['BOS/EOS', '*', '*', '*', '*', '*', '*', '*', '*']
 
聞く
['動詞', '自立', '*', '*', '五段・カ行イ音便', '基本形', '聞く', 'キク', 'キク']
聞こえ
['BOS/EOS', '*', '*', '*', '*', '*', '*', '*', '*']
 
聞く
['動詞', '自立', '*', '*', '五段・カ行イ音便', '基本形', '聞く', 'キク', 'キク']
聞こ
['BOS/EOS', '*', '*', '*', '*', '*', '*', '*', '*']
 
聞く
['動詞', '自立', '*', '*', '五段・カ行イ音便', '基本形', '聞く', 'キク', 'キク']
聞き覚え
['BOS/EOS', '*', '*', '*', '*', '*', '*', '*', '*']
 
聞く
['動詞', '自立', '*', '*', '五段・カ行イ音便', '基本形', '聞く', 'キク', 'キク']
知っ
['BOS/EOS', '*', '*', '*', '*', '*', '*', '*', '*']
 
....書生
['名詞', '一般', '*', '*', '*', '*', '書生', 'ショセイ', 'ショセイ']
小山正太郎
['BOS/EOS', '*', '*', '*', '*', '*', '*', '*', '*']
 
書生
['名詞', '一般', '*', '*', '*', '*', '書生', 'ショセイ', 'ショセイ']
良家
['BOS/EOS', '*', '*', '*', '*', '*', '*', '*', '*']
 
書生
['名詞', '一般', '*', '*', '*', '*', '書生', 'ショセイ', 'ショセイ']
住み込み
['BOS/EOS', '*', '*', '*', '*', '*', '*', '*', '*']
 
書生
['名詞', '一般', '*', '*', '*', '*', '書生', 'ショセイ', 'ショセイ']
重野安繹
['BOS/EOS', '*', '*', '*', '*', '*', '*', '*', '*']
 
書生
['名詞', '一般', '*', '*', '*', '*', '書生', 'ショセイ', 'ショセイ']
玄関番
['BOS/EOS', '*', '*', '*', '*', '*', '*', '*', '*']
 
書生
['名詞', '一般', '*', '*', '*', '*', '書生', 'ショセイ', 'ショセイ']
上京
['BOS/EOS', '*', '*', '*', '*', '*', '*', '*', '*']
 
書生
['名詞', '一般', '*', '*', '*', '*', '書生', 'ショセイ', 'ショセイ']
下宿
['BOS/EOS', '*', '*', '*', '*', '*', '*', '*', '*']
 
書生
['名詞', '一般', '*', '*', '*', '*', '書生', 'ショセイ', 'ショセイ']
家扶
['BOS/EOS', '*', '*', '*', '*', '*', '*', '*', '*']
 
書生
['名詞', '一般', '*', '*', '*', '*', '書生', 'ショセイ', 'ショセイ']
加藤千蔭
['BOS/EOS', '*', '*', '*', '*', '*', '*', '*', '*']
 
書生
['名詞', '一般', '*', '*', '*', '*', '書生', 'ショセイ', 'ショセイ']
森田思軒
['BOS/EOS', '*', '*', '*', '*', '*', '*', '*', '*']
 
..人間
['名詞', '一般', '*', '*', '*', '*', '人間', 'ニンゲン', 'ニンゲン']
人間社会
['BOS/EOS', '*', '*', '*', '*', '*', '*', '*', '*']
 
人間
['名詞', '一般', '*', '*', '*', '*', '人間', 'ニンゲン', 'ニンゲン']
生き物
['BOS/EOS', '*', '*', '*', '*', '*', '*', '*', '*']
 
人間
['名詞', '一般', '*', '*', '*', '*', '人間', 'ニンゲン', 'ニンゲン']
人類
['BOS/EOS', '*', '*', '*', '*', '*', '*', '*', '*']
 
人間
['名詞', '一般', '*', '*', '*', '*', '人間', 'ニンゲン', 'ニンゲン']
ヒト
['BOS/EOS', '*', '*', '*', '*', '*', '*', '*', '*']
 
人間
['名詞', '一般', '*', '*', '*', '*', '人間', 'ニンゲン', 'ニンゲン']
動物
['BOS/EOS', '*', '*', '*', '*', '*', '*', '*', '*']
 
人間
['名詞', '一般', '*', '*', '*', '*', '人間', 'ニンゲン', 'ニンゲン']
理性
['BOS/EOS', '*', '*', '*', '*', '*', '*', '*', '*']
 
人間
['名詞', '一般', '*', '*', '*', '*', '人間', 'ニンゲン', 'ニンゲン']
知性
['BOS/EOS', '*', '*', '*', '*', '*', '*', '*', '*']
 
人間
['名詞', '一般', '*', '*', '*', '*', '人間', 'ニンゲン', 'ニンゲン']
生物
['BOS/EOS', '*', '*', '*', '*', '*', '*', '*', '*']
 
人間
['名詞', '一般', '*', '*', '*', '*', '人間', 'ニンゲン', 'ニンゲン']
他者
['BOS/EOS', '*', '*', '*', '*', '*', '*', '*', '*']
 
人間
['名詞', '一般', '*', '*', '*', '*', '人間', 'ニンゲン', 'ニンゲン']
理性的
['BOS/EOS', '*', '*', '*', '*', '*', '*', '*', '*']
 
...一番
['名詞', '副詞可能', '*', '*', '*', '*', '一番', 'イチバン', 'イチバン']
最も
['BOS/EOS', '*', '*', '*', '*', '*', '*', '*', '*']
 
一番
['名詞', '副詞可能', '*', '*', '*', '*', '一番', 'イチバン', 'イチバン']
もっとも
['BOS/EOS', '*', '*', '*', '*', '*', '*', '*', '*']
 
一番
['名詞', '副詞可能', '*', '*', '*', '*', '一番', 'イチバン', 'イチバン']
いちばん
['BOS/EOS', '*', '*', '*', '*', '*', '*', '*', '*']
 
一番
['名詞', '副詞可能', '*', '*', '*', '*', '一番', 'イチバン', 'イチバン']
とても
['BOS/EOS', '*', '*', '*', '*', '*', '*', '*', '*']
 
一番
['名詞', '副詞可能', '*', '*', '*', '*', '一番', 'イチバン', 'イチバン']
2番
['BOS/EOS', '*', '*', '*', '*', '*', '*', '*', '*']
 
一番
['名詞', '副詞可能', '*', '*', '*', '*', '一番', 'イチバン', 'イチバン']
二番
['BOS/EOS', '*', '*', '*', '*', '*', '*', '*', '*']
 
一番
['名詞', '副詞可能', '*', '*', '*', '*', '一番', 'イチバン', 'イチバン']
3番
['BOS/EOS', '*', '*', '*', '*', '*', '*', '*', '*']
 
一番
['名詞', '副詞可能', '*', '*', '*', '*', '一番', 'イチバン', 'イチバン']
5番
['BOS/EOS', '*', '*', '*', '*', '*', '*', '*', '*']
 
一番
['名詞', '副詞可能', '*', '*', '*', '*', '一番', 'イチバン', 'イチバン']
4番
['BOS/EOS', '*', '*', '*', '*', '*', '*', '*', '*']
 
一番
['名詞', '副詞可能', '*', '*', '*', '*', '一番', 'イチバン', 'イチバン']
6番
['BOS/EOS', '*', '*', '*', '*', '*', '*', '*', '*']
 
.3
..種族
['名詞', '一般', '*', '*', '*', '*', '種族', 'シュゾク', 'シュゾク']
ドワーフ
['BOS/EOS', '*', '*', '*', '*', '*', '*', '*', '*']
 
種族
['名詞', '一般', '*', '*', '*', '*', '種族', 'シュゾク', 'シュゾク']
サハギン
['BOS/EOS', '*', '*', '*', '*', '*', '*', '*', '*']
 
種族
['名詞', '一般', '*', '*', '*', '*', '種族', 'シュゾク', 'シュゾク']
アンダーダーク
['BOS/EOS', '*', '*', '*', '*', '*', '*', '*', '*']
 
種族
['名詞', '一般', '*', '*', '*', '*', '種族', 'シュゾク', 'シュゾク']
戦闘民族
['BOS/EOS', '*', '*', '*', '*', '*', '*', '*', '*']
 
種族
['名詞', '一般', '*', '*', '*', '*', '種族', 'シュゾク', 'シュゾク']
ハーフリング
['BOS/EOS', '*', '*', '*', '*', '*', '*', '*', '*']
 
種族
['名詞', '一般', '*', '*', '*', '*', '種族', 'シュゾク', 'シュゾク']
ダークエルフ
['BOS/EOS', '*', '*', '*', '*', '*', '*', '*', '*']
 
種族
['名詞', '一般', '*', '*', '*', '*', '種族', 'シュゾク', 'シュゾク']
地球人
['BOS/EOS', '*', '*', '*', '*', '*', '*', '*', '*']
 
種族
['名詞', '一般', '*', '*', '*', '*', '種族', 'シュゾク', 'シュゾク']
ブリーワグ
['BOS/EOS', '*', '*', '*', '*', '*', '*', '*', '*']
 
種族
['名詞', '一般', '*', '*', '*', '*', '種族', 'シュゾク', 'シュゾク']
魔族
['BOS/EOS', '*', '*', '*', '*', '*', '*', '*', '*']
 
種族
['名詞', '一般', '*', '*', '*', '*', '種族', 'シュゾク', 'シュゾク']
フォーセリア
['BOS/EOS', '*', '*', '*', '*', '*', '*', '*', '*']
 
.......書生
['名詞', '一般', '*', '*', '*', '*', '書生', 'ショセイ', 'ショセイ']
小山正太郎
['BOS/EOS', '*', '*', '*', '*', '*', '*', '*', '*']
 
書生
['名詞', '一般', '*', '*', '*', '*', '書生', 'ショセイ', 'ショセイ']
良家
['BOS/EOS', '*', '*', '*', '*', '*', '*', '*', '*']
 
書生
['名詞', '一般', '*', '*', '*', '*', '書生', 'ショセイ', 'ショセイ']
住み込み
['BOS/EOS', '*', '*', '*', '*', '*', '*', '*', '*']
 
書生
['名詞', '一般', '*', '*', '*', '*', '書生', 'ショセイ', 'ショセイ']
重野安繹
['BOS/EOS', '*', '*', '*', '*', '*', '*', '*', '*']
 
書生
['名詞', '一般', '*', '*', '*', '*', '書生', 'ショセイ', 'ショセイ']
玄関番
['BOS/EOS', '*', '*', '*', '*', '*', '*', '*', '*']
 
書生
['名詞', '一般', '*', '*', '*', '*', '書生', 'ショセイ', 'ショセイ']
上京
['BOS/EOS', '*', '*', '*', '*', '*', '*', '*', '*']
 
書生
['名詞', '一般', '*', '*', '*', '*', '書生', 'ショセイ', 'ショセイ']
下宿
['BOS/EOS', '*', '*', '*', '*', '*', '*', '*', '*']
 
書生
['名詞', '一般', '*', '*', '*', '*', '書生', 'ショセイ', 'ショセイ']
家扶
['BOS/EOS', '*', '*', '*', '*', '*', '*', '*', '*']
 
書生
['名詞', '一般', '*', '*', '*', '*', '書生', 'ショセイ', 'ショセイ']
加藤千蔭
['BOS/EOS', '*', '*', '*', '*', '*', '*', '*', '*']
 
書生
['名詞', '一般', '*', '*', '*', '*', '書生', 'ショセイ', 'ショセイ']
森田思軒
['BOS/EOS', '*', '*', '*', '*', '*', '*', '*', '*']
 
....時々
['副詞', '一般', '*', '*', '*', '*', '時々', 'トキドキ', 'トキドキ']
時折
['BOS/EOS', '*', '*', '*', '*', '*', '*', '*', '*']
 
時々
['副詞', '一般', '*', '*', '*', '*', '時々', 'トキドキ', 'トキドキ']
たまに
['BOS/EOS', '*', '*', '*', '*', '*', '*', '*', '*']
 
時々
['副詞', '一般', '*', '*', '*', '*', '時々', 'トキドキ', 'トキドキ']
時には
['BOS/EOS', '*', '*', '*', '*', '*', '*', '*', '*']
 
時々
['副詞', '一般', '*', '*', '*', '*', '時々', 'トキドキ', 'トキドキ']
しばしば
['BOS/EOS', '*', '*', '*', '*', '*', '*', '*', '*']
 
時々
['副詞', '一般', '*', '*', '*', '*', '時々', 'トキドキ', 'トキドキ']
頻繁
['BOS/EOS', '*', '*', '*', '*', '*', '*', '*', '*']
 
時々
['副詞', '一般', '*', '*', '*', '*', '時々', 'トキドキ', 'トキドキ']
ときおり
['BOS/EOS', '*', '*', '*', '*', '*', '*', '*', '*']
 
時々
['副詞', '一般', '*', '*', '*', '*', '時々', 'トキドキ', 'トキドキ']
大抵
['BOS/EOS', '*', '*', '*', '*', '*', '*', '*', '*']
 
時々
['副詞', '一般', '*', '*', '*', '*', '時々', 'トキドキ', 'トキドキ']
ときどき
['BOS/EOS', '*', '*', '*', '*', '*', '*', '*', '*']
 
時々
['副詞', '一般', '*', '*', '*', '*', '時々', 'トキドキ', 'トキドキ']
普段
['BOS/EOS', '*', '*', '*', '*', '*', '*', '*', '*']
 
時々
['副詞', '一般', '*', '*', '*', '*', '時々', 'トキドキ', 'トキドキ']
時おり
['BOS/EOS', '*', '*', '*', '*', '*', '*', '*', '*']
 
...捕
['動詞', '自立', '*', '*', '五段・ラ行', '体言接続特殊２', '捕る', 'ト', 'ト']
囚
['BOS/EOS', '*', '*', '*', '*', '*', '*', '*', '*']
 
捕
['動詞', '自立', '*', '*', '五段・ラ行', '体言接続特殊２', '捕る', 'ト', 'ト']
捕り
['BOS/EOS', '*', '*', '*', '*', '*', '*', '*', '*']
 
捕
['動詞', '自立', '*', '*', '五段・ラ行', '体言接続特殊２', '捕る', 'ト', 'ト']
捕らえ
['BOS/EOS', '*', '*', '*', '*', '*', '*', '*', '*']
 
捕
['動詞', '自立', '*', '*', '五段・ラ行', '体言接続特殊２', '捕る', 'ト', 'ト']
捕らえる
['BOS/EOS', '*', '*', '*', '*', '*', '*', '*', '*']
 
捕
['動詞', '自立', '*', '*', '五段・ラ行', '体言接続特殊２', '捕る', 'ト', 'ト']
佐倉牧
['BOS/EOS', '*', '*', '*', '*', '*', '*', '*', '*']
 
捕
['動詞', '自立', '*', '*', '五段・ラ行', '体言接続特殊２', '捕る', 'ト', 'ト']
小野好古
['BOS/EOS', '*', '*', '*', '*', '*', '*', '*', '*']
 
捕
['動詞', '自立', '*', '*', '五段・ラ行', '体言接続特殊２', '捕る', 'ト', 'ト']
捕縛
['BOS/EOS', '*', '*', '*', '*', '*', '*', '*', '*']
 
捕
['動詞', '自立', '*', '*', '五段・ラ行', '体言接続特殊２', '捕る', 'ト', 'ト']
匝瑳氏
['BOS/EOS', '*', '*', '*', '*', '*', '*', '*', '*']
 
捕
['動詞', '自立', '*', '*', '五段・ラ行', '体言接続特殊２', '捕る', 'ト', 'ト']
禁猟
['BOS/EOS', '*', '*', '*', '*', '*', '*', '*', '*']
 
捕
['動詞', '自立', '*', '*', '五段・ラ行', '体言接続特殊２', '捕る', 'ト', 'ト']
掠
['BOS/EOS', '*', '*', '*', '*', '*', '*', '*', '*']
 
.つかまえ
['動詞', '自立', '*', '*', '一段', '連用形', 'つかまえる', 'ツカマエ', 'ツカマエ']
つかまえる
['BOS/EOS', '*', '*', '*', '*', '*', '*', '*', '*']
 
つかまえ
['動詞', '自立', '*', '*', '一段', '連用形', 'つかまえる', 'ツカマエ', 'ツカマエ']
来い
['BOS/EOS', '*', '*', '*', '*', '*', '*', '*', '*']
 
つかまえ
['動詞', '自立', '*', '*', '一段', '連用形', 'つかまえる', 'ツカマエ', 'ツカマエ']
たまらなく
['BOS/EOS', '*', '*', '*', '*', '*', '*', '*', '*']
 
つかまえ
['動詞', '自立', '*', '*', '一段', '連用形', 'つかまえる', 'ツカマエ', 'ツカマエ']
あの
['BOS/EOS', '*', '*', '*', '*', '*', '*', '*', '*']
 
つかまえ
['動詞', '自立', '*', '*', '一段', '連用形', 'つかまえる', 'ツカマエ', 'ツカマエ']
追いかけ
['BOS/EOS', '*', '*', '*', '*', '*', '*', '*', '*']
 
つかまえ
['動詞', '自立', '*', '*', '一段', '連用形', 'つかまえる', 'ツカマエ', 'ツカマエ']
おーい
['BOS/EOS', '*', '*', '*', '*', '*', '*', '*', '*']
 
つかまえ
['動詞', '自立', '*', '*', '一段', '連用形', 'つかまえる', 'ツカマエ', 'ツカマエ']
つかまっ
['BOS/EOS', '*', '*', '*', '*', '*', '*', '*', '*']
 
つかまえ
['動詞', '自立', '*', '*', '一段', '連用形', 'つかまえる', 'ツカマエ', 'ツカマエ']
恋しく
['BOS/EOS', '*', '*', '*', '*', '*', '*', '*', '*']
 
つかまえ
['動詞', '自立', '*', '*', '一段', '連用形', 'つかまえる', 'ツカマエ', 'ツカマエ']
こんな
['BOS/EOS', '*', '*', '*', '*', '*', '*', '*', '*']
 
つかまえ
['動詞', '自立', '*', '*', '一段', '連用形', 'つかまえる', 'ツカマエ', 'ツカマエ']
わたし
['BOS/EOS', '*', '*', '*', '*', '*', '*', '*', '*']
 
..煮
['動詞', '自立', '*', '*', '一段', '連用形', '煮る', 'ニ', 'ニ']
茹で
['BOS/EOS', '*', '*', '*', '*', '*', '*', '*', '*']
 
煮
['動詞', '自立', '*', '*', '一段', '連用形', '煮る', 'ニ', 'ニ']
蒸し
['BOS/EOS', '*', '*', '*', '*', '*', '*', '*', '*']
 
煮
['動詞', '自立', '*', '*', '一段', '連用形', '煮る', 'ニ', 'ニ']
出汁
['BOS/EOS', '*', '*', '*', '*', '*', '*', '*', '*']
 
煮
['動詞', '自立', '*', '*', '一段', '連用形', '煮る', 'ニ', 'ニ']
炒め
['BOS/EOS', '*', '*', '*', '*', '*', '*', '*', '*']
 
煮
['動詞', '自立', '*', '*', '一段', '連用形', '煮る', 'ニ', 'ニ']
煮る
['BOS/EOS', '*', '*', '*', '*', '*', '*', '*', '*']
 
煮
['動詞', '自立', '*', '*', '一段', '連用形', '煮る', 'ニ', 'ニ']
汁
['BOS/EOS', '*', '*', '*', '*', '*', '*', '*', '*']
 
煮
['動詞', '自立', '*', '*', '一段', '連用形', '煮る', 'ニ', 'ニ']
煮物
['BOS/EOS', '*', '*', '*', '*', '*', '*', '*', '*']
 
煮
['動詞', '自立', '*', '*', '一段', '連用形', '煮る', 'ニ', 'ニ']
酢味噌
['BOS/EOS', '*', '*', '*', '*', '*', '*', '*', '*']
 
煮
['動詞', '自立', '*', '*', '一段', '連用形', '煮る', 'ニ', 'ニ']
煮込む
['BOS/EOS', '*', '*', '*', '*', '*', '*', '*', '*']
 
煮
['動詞', '自立', '*', '*', '一段', '連用形', '煮る', 'ニ', 'ニ']
刻みネギ
['BOS/EOS', '*', '*', '*', '*', '*', '*', '*', '*']
 
..食う
['動詞', '自立', '*', '*', '五段・ワ行促音便', '基本形', '食う', 'クウ', 'クウ']
食っ
['BOS/EOS', '*', '*', '*', '*', '*', '*', '*', '*']
 
食う
['動詞', '自立', '*', '*', '五段・ワ行促音便', '基本形', '食う', 'クウ', 'クウ']
食わ
['BOS/EOS', '*', '*', '*', '*', '*', '*', '*', '*']
 
食う
['動詞', '自立', '*', '*', '五段・ワ行促音便', '基本形', '食う', 'クウ', 'クウ']
食い
['BOS/EOS', '*', '*', '*', '*', '*', '*', '*', '*']
 
食う
['動詞', '自立', '*', '*', '五段・ワ行促音便', '基本形', '食う', 'クウ', 'クウ']
食える
['BOS/EOS', '*', '*', '*', '*', '*', '*', '*', '*']
 
食う
['動詞', '自立', '*', '*', '五段・ワ行促音便', '基本形', '食う', 'クウ', 'クウ']
食え
['BOS/EOS', '*', '*', '*', '*', '*', '*', '*', '*']
 
食う
['動詞', '自立', '*', '*', '五段・ワ行促音便', '基本形', '食う', 'クウ', 'クウ']
貪り
['BOS/EOS', '*', '*', '*', '*', '*', '*', '*', '*']
 
食う
['動詞', '自立', '*', '*', '五段・ワ行促音便', '基本形', '食う', 'クウ', 'クウ']
食らう
['BOS/EOS', '*', '*', '*', '*', '*', '*', '*', '*']
 
食う
['動詞', '自立', '*', '*', '五段・ワ行促音便', '基本形', '食う', 'クウ', 'クウ']
食べる
['BOS/EOS', '*', '*', '*', '*', '*', '*', '*', '*']
 
食う
['動詞', '自立', '*', '*', '五段・ワ行促音便', '基本形', '食う', 'クウ', 'クウ']
食いつく
['BOS/EOS', '*', '*', '*', '*', '*', '*', '*', '*']
 
食う
['動詞', '自立', '*', '*', '五段・ワ行促音便', '基本形', '食う', 'クウ', 'クウ']
喰う
['BOS/EOS', '*', '*', '*', '*', '*', '*', '*', '*']
 
......吾輩は猫である。名前はまだ無い。どこで生れたかとんと見当がつかぬ。何でも薄暗いじめじめした所でニャーニャー泣いていた事だけは記憶している。吾輩はここで始めて人間というものを見た。しかもあとで聞くとそれは書生という人間中で一番獰悪な種族であったそうだ。この書生というのは時々我々を捕つかまえて煮にて食うという話である。
3 times exceptions occured.
elapsed_time:105.51423907279968[sec]
